<?xml version="1.0" encoding="UTF-8" ?>
<testsuite failures="0" time="0.636" errors="1" skipped="0" tests="1" name="org.apache.camel.example.etl.IntegrationTest">
  <properties>
[...]
</properties>
  <testcase time="0.522" classname="org.apache.camel.example.etl.IntegrationTest" name="testEtlRoutes">
    <error message="org/springframework/beans/factory/config/BeanExpressionResolver" type="java.lang.NoClassDefFoundError">java.lang.NoClassDefFoundError: org/springframework/beans/factory/config/BeanExpressionResolver
	at org.apache.camel.spring.Main.createDefaultApplicationContext(Main.java:186)
	at org.apache.camel.spring.Main.doStart(Main.java:140)
	at org.apache.camel.support.ServiceSupport.start(ServiceSupport.java:60)
	at org.apache.camel.main.MainSupport.run(MainSupport.java:139)
	at org.apache.camel.main.MainSupport.run(MainSupport.java:325)
	at org.apache.camel.spring.Main.main(Main.java:73)
	at org.apache.camel.example.etl.IntegrationTest.testEtlRoutes(IntegrationTest.java:29)
	at sun.reflect.NativeMethodAccessorImpl.invoke0(Native Method)
	at sun.reflect.NativeMethodAccessorImpl.invoke(NativeMethodAccessorImpl.java:39)
	at sun.reflect.DelegatingMethodAccessorImpl.invoke(DelegatingMethodAccessorImpl.java:25)
	at java.lang.reflect.Method.invoke(Method.java:597)
	at junit.framework.TestCase.runTest(TestCase.java:168)
	at junit.framework.TestCase.runBare(TestCase.java:134)
	at junit.framework.TestResult$1.protect(TestResult.java:110)
	at junit.framework.TestResult.runProtected(TestResult.java:128)
	at junit.framework.TestResult.run(TestResult.java:113)
	at junit.framework.TestCase.run(TestCase.java:124)
	at junit.framework.TestSuite.runTest(TestSuite.java:243)
	at junit.framework.TestSuite.run(TestSuite.java:238)
	at org.junit.internal.runners.JUnit38ClassRunner.run(JUnit38ClassRunner.java:83)
	at org.apache.maven.surefire.junit4.JUnit4TestSet.execute(JUnit4TestSet.java:35)
	at org.apache.maven.surefire.junit4.JUnit4Provider.executeTestSet(JUnit4Provider.java:115)
	at org.apache.maven.surefire.junit4.JUnit4Provider.invoke(JUnit4Provider.java:97)
	at sun.reflect.NativeMethodAccessorImpl.invoke0(Native Method)
	at sun.reflect.NativeMethodAccessorImpl.invoke(NativeMethodAccessorImpl.java:39)
	at sun.reflect.DelegatingMethodAccessorImpl.invoke(DelegatingMethodAccessorImpl.java:25)
	at java.lang.reflect.Method.invoke(Method.java:597)
	at org.apache.maven.surefire.booter.ProviderFactory$ClassLoaderProxy.invoke(ProviderFactory.java:103)
	at $Proxy0.invoke(Unknown Source)
	at org.apache.maven.surefire.booter.SurefireStarter.invokeProvider(SurefireStarter.java:150)
	at org.apache.maven.surefire.booter.SurefireStarter.runSuitesInProcess(SurefireStarter.java:91)
	at org.apache.maven.surefire.booter.ForkedBooter.main(ForkedBooter.java:69)
Caused by: java.lang.ClassNotFoundException: org.springframework.beans.factory.config.BeanExpressionResolver
	at java.net.URLClassLoader$1.run(URLClassLoader.java:202)
	at java.security.AccessController.doPrivileged(Native Method)
	at java.net.URLClassLoader.findClass(URLClassLoader.java:190)
	at java.lang.ClassLoader.loadClass(ClassLoader.java:306)
	at sun.misc.Launcher$AppClassLoader.loadClass(Launcher.java:301)
	at java.lang.ClassLoader.loadClass(ClassLoader.java:247)
	... 32 more
</error>
    <system-out>@HL
@HL-------------------------------------------------------
@HL T E S T S
@HL-------------------------------------------------------
@SLRunning org.apache.camel.example.etl.IntegrationTest
[                          main] MainSupport                    INFO  Apache Camel 2.9.2 starting
</system-out>
  </testcase>
</testsuite>